0 info it worked if it ends with ok
1 verbose cli [ '/usr/bin/node', '/usr/bin/npm', 'run', 'build' ]
2 info using npm@3.5.2
3 info using node@v8.10.0
4 verbose run-script [ 'prebuild', 'build', 'postbuild' ]
5 info lifecycle react-boilerplate@3.5.0~prebuild: react-boilerplate@3.5.0
6 verbose lifecycle react-boilerplate@3.5.0~prebuild: unsafe-perm in lifecycle true
7 verbose lifecycle react-boilerplate@3.5.0~prebuild: PATH: /usr/share/npm/bin/node-gyp-bin:/home/dlvr/Documents/delivereeeee/node_modules/.bin:/home/dlvr/.rvm/gems/ruby-2.5.3/bin:/home/dlvr/.rvm/gems/ruby-2.5.3@global/bin:/usr/share/rvm/rubies/ruby-2.5.3/bin:/usr/local/sbin:/usr/local/bin:/usr/sbin:/usr/bin:/sbin:/bin:/usr/games:/usr/local/games:/snap/bin:/usr/share/rvm/bin
8 verbose lifecycle react-boilerplate@3.5.0~prebuild: CWD: /home/dlvr/Documents/delivereeeee
9 silly lifecycle react-boilerplate@3.5.0~prebuild: Args: [ '-c', 'npm run build:clean' ]
10 silly lifecycle react-boilerplate@3.5.0~prebuild: Returned: code: 0  signal: null
11 info lifecycle react-boilerplate@3.5.0~build: react-boilerplate@3.5.0
12 verbose lifecycle react-boilerplate@3.5.0~build: unsafe-perm in lifecycle true
13 verbose lifecycle react-boilerplate@3.5.0~build: PATH: /usr/share/npm/bin/node-gyp-bin:/home/dlvr/Documents/delivereeeee/node_modules/.bin:/home/dlvr/.rvm/gems/ruby-2.5.3/bin:/home/dlvr/.rvm/gems/ruby-2.5.3@global/bin:/usr/share/rvm/rubies/ruby-2.5.3/bin:/usr/local/sbin:/usr/local/bin:/usr/sbin:/usr/bin:/sbin:/bin:/usr/games:/usr/local/games:/snap/bin:/usr/share/rvm/bin
14 verbose lifecycle react-boilerplate@3.5.0~build: CWD: /home/dlvr/Documents/delivereeeee
15 silly lifecycle react-boilerplate@3.5.0~build: Args: [ '-c',
15 silly lifecycle   'cross-env NODE_ENV=production webpack --config internals/webpack/webpack.prod.babel.js --color -p --progress --hide-modules --display-optimization-bailout' ]
16 info lifecycle react-boilerplate@3.5.0~build: Failed to exec build script
17 verbose stack Error: react-boilerplate@3.5.0 build: `cross-env NODE_ENV=production webpack --config internals/webpack/webpack.prod.babel.js --color -p --progress --hide-modules --display-optimization-bailout`
17 verbose stack spawn ENOENT
17 verbose stack     at ChildProcess.<anonymous> (/usr/share/npm/lib/utils/spawn.js:17:16)
17 verbose stack     at emitTwo (events.js:126:13)
17 verbose stack     at ChildProcess.emit (events.js:214:7)
17 verbose stack     at maybeClose (internal/child_process.js:925:16)
17 verbose stack     at Process.ChildProcess._handle.onexit (internal/child_process.js:209:5)
18 verbose pkgid react-boilerplate@3.5.0
19 verbose cwd /home/dlvr/Documents/delivereeeee/app
20 error Linux 5.0.0-29-generic
21 error argv "/usr/bin/node" "/usr/bin/npm" "run" "build"
22 error node v8.10.0
23 error npm  v3.5.2
24 error file sh
25 error code ELIFECYCLE
26 error errno ENOENT
27 error syscall spawn
28 error react-boilerplate@3.5.0 build: `cross-env NODE_ENV=production webpack --config internals/webpack/webpack.prod.babel.js --color -p --progress --hide-modules --display-optimization-bailout`
28 error spawn ENOENT
29 error Failed at the react-boilerplate@3.5.0 build script 'cross-env NODE_ENV=production webpack --config internals/webpack/webpack.prod.babel.js --color -p --progress --hide-modules --display-optimization-bailout'.
29 error Make sure you have the latest version of node.js and npm installed.
29 error If you do, this is most likely a problem with the react-boilerplate package,
29 error not with npm itself.
29 error Tell the author that this fails on your system:
29 error     cross-env NODE_ENV=production webpack --config internals/webpack/webpack.prod.babel.js --color -p --progress --hide-modules --display-optimization-bailout
29 error You can get information on how to open an issue for this project with:
29 error     npm bugs react-boilerplate
29 error Or if that isn't available, you can get their info via:
29 error     npm owner ls react-boilerplate
29 error There is likely additional logging output above.
30 verbose exit [ 1, true ]
